<?xml version="1.0" encoding="UTF-8"?>
<!-- Generated by org.testng.reporters.JUnitReportReporter -->
<testsuite skipped="0" hostname="Maruf_Acer" name="cucumberOptions.TestRunner" tests="1" failures="0" timestamp="2021-03-03T11:37:46 IST" time="30.690" errors="0">
  <testcase name="feature" time="30.690" classname="cucumberOptions.TestRunner"/>
</testsuite> <!-- cucumberOptions.TestRunner -->
