<?xml version="1.0" encoding="UTF-8"?>
<!-- Generated by org.testng.reporters.JUnitReportReporter -->
<testsuite skipped="0" hostname="Maruf_Acer" name="cucumberOptions.TestRunner" tests="1" failures="0" timestamp="2021-03-03T12:58:06 IST" time="31.539" errors="0">
  <testcase name="feature" time="31.539" classname="cucumberOptions.TestRunner"/>
</testsuite> <!-- cucumberOptions.TestRunner -->
