<?xml version="1.0" encoding="UTF-8"?>
<!-- Generated by org.testng.reporters.JUnitReportReporter -->
<testsuite skipped="0" hostname="Maruf_Acer" name="Academy.ValidateTitle" tests="2" failures="0" timestamp="2021-03-02T23:53:49 IST" time="4.070" errors="0">
  <testcase name="validateTitle" time="2.728" classname="Academy.ValidateTitle"/>
  <testcase name="validateTitle" time="1.342" classname="Academy.ValidateTitle"/>
</testsuite> <!-- Academy.ValidateTitle -->
