<?xml version="1.0" encoding="UTF-8"?>
<!-- Generated by org.testng.reporters.JUnitReportReporter -->
<testsuite skipped="0" hostname="Maruf_Acer" name="Academy.ValidateTitle" tests="2" failures="0" timestamp="2021-01-31T13:01:13 IST" time="7.182" errors="0">
  <testcase name="validateTitle" time="5.614" classname="Academy.ValidateTitle"/>
  <testcase name="validateTitle" time="1.568" classname="Academy.ValidateTitle"/>
</testsuite> <!-- Academy.ValidateTitle -->
