<?xml version="1.0" encoding="UTF-8"?>
<!-- Generated by org.testng.reporters.JUnitReportReporter -->
<testsuite skipped="0" hostname="Maruf_Acer" name="Academy.HomePage" tests="2" failures="0" timestamp="2021-01-31T13:01:13 IST" time="13.878" errors="0">
  <testcase name="basePageNavigation" time="4.217" classname="Academy.HomePage"/>
  <testcase name="basePageNavigation" time="9.661" classname="Academy.HomePage"/>
</testsuite> <!-- Academy.HomePage -->
